Arguments: 
  /usr/local/bin/node /usr/local/bin/yarn add expo-random@~12.3.0

PATH: 
  /usr/local/bin:/usr/local/sbin:/Library/Frameworks/Python.framework/Versions/3.11/bin:/usr/local/bin:/usr/bin:/bin:/usr/sbin:/sbin:/usr/local/sbin:/Library/Frameworks/Python.framework/Versions/3.11/bin

Yarn version: 
  1.22.19

Node version: 
  16.17.0

Platform: 
  darwin x64

Trace: 
  Error: read ECONNRESET
      at TLSWrap.onStreamRead (node:internal/stream_base_commons:217:20)

npm manifest: 
  {
    "name": "kaizen",
    "version": "1.0.0",
    "main": "index.js",
    "scripts": {
      "start": "expo start --dev-client",
      "android": "expo run:android",
      "ios": "expo run:ios",
      "web": "expo start --web"
    },
    "dependencies": {
      "@gorhom/bottom-sheet": "^4",
      "@react-native-async-storage/async-storage": "~1.17.3",
      "@react-native-picker/picker": "2.4.2",
      "@react-navigation/drawer": "^6.5.0",
      "@react-navigation/native": "^6.0.13",
      "@react-navigation/native-stack": "^6.9.0",
      "@rneui/base": "^4.0.0-rc.6",
      "@rneui/themed": "^4.0.0-rc.6",
      "axios": "^1.4.0",
      "expo": "~46.0.21",
      "expo-application": "~4.2.2",
      "expo-auth-session": "~3.7.4",
      "expo-crypto": "~11.0.0",
      "expo-location": "~14.3.0",
      "expo-random": "~12.3.0",
      "expo-splash-screen": "~0.16.2",
      "expo-status-bar": "~1.4.0",
      "expo-web-browser": "~11.0.0",
      "firebase": "^10.1.0",
      "intl": "^1.2.5",
      "react": "18.0.0",
      "react-dom": "18.0.0",
      "react-native": "0.69.9",
      "react-native-dotenv": "^3.3.1",
      "react-native-geolocation-service": "^5.3.1",
      "react-native-gesture-handler": "~2.5.0",
      "react-native-google-places-autocomplete": "^2.4.1",
      "react-native-maps": "0.31.1",
      "react-native-maps-directions": "^1.9.0",
      "react-native-reanimated": "~2.9.1",
      "react-native-safe-area-context": "4.3.1",
      "react-native-screens": "~3.15.0",
      "react-native-status-bar-height": "^2.6.0",
      "react-native-vector-icons": "^9.2.0",
      "react-native-web": "~0.18.7"
    },
    "devDependencies": {
      "@babel/core": "^7.12.9"
    },
    "private": true
  }

yarn manifest: 
  No manifest

Lockfile: 
  No lockfile
